<?xml version="1.0" encoding="UTF-8"?>
<!-- Generated by org.testng.reporters.JUnitXMLReporter -->
<testsuite hostname="DESKTOP-QJ6VNJP" name="testnamevj" tests="2" failures="1" timestamp="26 Sep 2019 17:33:42 GMT" time="12.981" errors="0">
  <testcase name="Functionalityies" time="0.679" classname="testnggpackgee.testnggcls">
    <failure type="java.lang.NullPointerException">
      <![CDATA[java.lang.NullPointerException
	at excellpackage.excellclssie.inputss(excellclssie.java:17)
	at testnggpackgee.testnggcls.Functionalityies(testnggcls.java:37)
... Removed 24 stack frames]]>
    </failure>
  </testcase> <!-- Functionalityies -->
  <testcase name="Login" time="12.267" classname="testnggpackgee.testnggcls"/>
</testsuite> <!-- testnamevj -->
